27.8.2025, 3:31:38 - ERROR - TypeError: filterBy.brands.some is not a function
27.8.2025, 3:31:59 - ERROR - TypeError: filterBy.brands.some is not a function
27.8.2025, 3:32:09 - ERROR - TypeError: filterBy.brands.some is not a function
27.8.2025, 3:33:33 - ERROR - TypeError: filterBy.brands.some is not a function
27.8.2025, 3:35:36 - ERROR - TypeError: filterBy.brands.some is not a function
27.8.2025, 3:36:28 - ERROR - TypeError: filterBy.brands.some is not a function
27.8.2025, 3:38:05 - ERROR - TypeError: filterBy.productTypes.some is not a function
7.9.2025, 2:00:23 - ERROR - Error: user name is taken
7.9.2025, 2:01:32 - ERROR - Error: user name is taken
7.9.2025, 2:01:55 - ERROR - Error: user name is taken
7.9.2025, 2:02:21 - ERROR - Error: user name is taken
7.9.2025, 2:28:10 - ERROR - Error: username or password invalid
7.9.2025, 2:29:05 - ERROR - Error: username or password invalid
7.9.2025, 2:30:10 - ERROR - Error: username or password invalid
7.9.2025, 2:32:36 - ERROR - Error: username or password invalid
7.9.2025, 2:33:45 - ERROR - Error: username or password invalid
7.9.2025, 2:34:07 - ERROR - Error: username or password invalid
7.9.2025, 2:34:09 - ERROR - Error: user name is taken
7.9.2025, 3:23:02 - ERROR - Error: cannot find user BCuTVz
7.9.2025, 3:23:27 - ERROR - Error: cannot find user BCuTVz
7.9.2025, 3:30:35 - ERROR - Error: cannot find user BCuTVz
7.9.2025, 3:32:54 - ERROR - TypeError: Cannot read properties of undefined (reading 'push')
7.9.2025, 3:38:47 - ERROR - Error: username or password invalid
8.9.2025, 6:08:16 - ERROR - TypeError: Cannot read properties of undefined (reading 'collection')
8.9.2025, 6:08:28 - ERROR - TypeError: Cannot read properties of undefined (reading 'collection')
8.9.2025, 6:08:28 - ERROR - TypeError: Cannot read properties of undefined (reading 'collection')
8.9.2025, 6:08:31 - ERROR - TypeError: Cannot read properties of undefined (reading 'collection')
8.9.2025, 6:08:31 - ERROR - TypeError: Cannot read properties of undefined (reading 'collection')
8.9.2025, 6:08:31 - ERROR - TypeError: Cannot read properties of undefined (reading 'collection')
8.9.2025, 6:08:35 - ERROR - TypeError: Cannot read properties of undefined (reading 'collection')
8.9.2025, 6:08:35 - ERROR - TypeError: Cannot read properties of undefined (reading 'collection')
8.9.2025, 6:08:40 - ERROR - TypeError: Cannot read properties of undefined (reading 'collection')
8.9.2025, 6:08:40 - ERROR - TypeError: Cannot read properties of undefined (reading 'collection')
8.9.2025, 6:08:40 - ERROR - TypeError: Cannot read properties of undefined (reading 'collection')
8.9.2025, 6:09:43 - ERROR - TypeError: Cannot read properties of undefined (reading 'collection')
8.9.2025, 6:09:43 - ERROR - TypeError: Cannot read properties of undefined (reading 'collection')
8.9.2025, 6:09:43 - ERROR - TypeError: Cannot read properties of undefined (reading 'collection')
8.9.2025, 6:10:24 - ERROR - TypeError: collection.toArray is not a function
8.9.2025, 6:10:24 - ERROR - TypeError: collection.toArray is not a function
8.9.2025, 6:10:24 - ERROR - TypeError: Cannot read properties of undefined (reading 'collection')
8.9.2025, 6:11:42 - ERROR - TypeError: collection.toArray is not a function
8.9.2025, 6:11:42 - ERROR - TypeError: collection.toArray is not a function
8.9.2025, 6:11:42 - ERROR - TypeError: Cannot read properties of undefined (reading 'collection')
8.9.2025, 6:12:10 - ERROR - TypeError: collection.toArray is not a function
8.9.2025, 6:12:10 - ERROR - TypeError: collection.toArray is not a function
8.9.2025, 6:12:10 - ERROR - TypeError: Cannot read properties of undefined (reading 'collection')
8.9.2025, 6:14:20 - ERROR - TypeError: Cannot read properties of undefined (reading 'collection')
8.9.2025, 6:14:22 - ERROR - TypeError: Cannot read properties of undefined (reading 'collection')
8.9.2025, 6:14:22 - ERROR - TypeError: Cannot read properties of undefined (reading 'collection')
8.9.2025, 6:14:22 - ERROR - TypeError: Cannot read properties of undefined (reading 'collection')
8.9.2025, 6:14:25 - ERROR - TypeError: Cannot read properties of undefined (reading 'collection')
8.9.2025, 6:14:25 - ERROR - TypeError: Cannot read properties of undefined (reading 'collection')
8.9.2025, 6:14:25 - ERROR - TypeError: Cannot read properties of undefined (reading 'collection')
8.9.2025, 6:18:19 - ERROR - MongoInvalidArgumentError: Operation "skip" requires an integer
8.9.2025, 6:18:20 - ERROR - MongoInvalidArgumentError: Operation "skip" requires an integer
8.9.2025, 6:18:31 - ERROR - MongoInvalidArgumentError: Operation "skip" requires an integer
8.9.2025, 6:18:31 - ERROR - MongoInvalidArgumentError: Operation "skip" requires an integer
8.9.2025, 6:18:40 - ERROR - MongoInvalidArgumentError: Operation "skip" requires an integer
8.9.2025, 6:18:40 - ERROR - MongoInvalidArgumentError: Operation "skip" requires an integer
8.9.2025, 6:18:49 - ERROR - MongoInvalidArgumentError: Operation "skip" requires an integer
8.9.2025, 6:18:49 - ERROR - MongoInvalidArgumentError: Operation "skip" requires an integer
8.9.2025, 6:25:32 - ERROR - Error: cannot find toy 68be437947a6b14ae658bd5f
8.9.2025, 6:45:27 - ERROR - ReferenceError: screws is not defined
8.9.2025, 6:45:29 - ERROR - ReferenceError: screws is not defined
8.9.2025, 6:48:44 - ERROR - MongoInvalidArgumentError: Operation "limit" requires an integer
8.9.2025, 6:48:44 - ERROR - MongoInvalidArgumentError: Operation "limit" requires an integer
8.9.2025, 8:15:24 - ERROR - Error: username or password invalid
8.9.2025, 8:45:25 - ERROR - BSONError: hex string must be 24 characters
8.9.2025, 8:45:43 - ERROR - BSONError: hex string must be 24 characters
8.9.2025, 9:42:43 - ERROR - ReferenceError: dbService is not defined
8.9.2025, 9:44:30 - ERROR - ReferenceError: ObjectId is not defined
8.9.2025, 9:59:25 - ERROR - MongoServerError: Modifiers operate on fields but we found type string instead. For example: {$mod: {<field>: ...}} not {$set: "kaka pepe"}
8.9.2025, 20:54:16 - ERROR - Error: user name is taken
8.9.2025, 23:40:24 - ERROR - BSONError: hex string must be 24 characters
8.9.2025, 23:40:29 - ERROR - BSONError: hex string must be 24 characters
8.9.2025, 23:40:31 - ERROR - BSONError: hex string must be 24 characters
